[2025-04-19 15:01:59] at /sysop/user_0list.jsp
{Malgn.strToDate(1)} source:2025-04-18T00:14:27 (Unparseable date: "2025-04-18T00:14:27")at /sysop/user_0list.jsp
{Malgn.strToDate(1)} source:2025-04-18T00:14:27 (Unparseable date: "2025-04-18T00:14:27")
[2025-04-19 15:01:59] at /sysop/user_0list.jsp
{Malgn.getTimeString(2)} sformat:yyyy/MM/dd HH:mm, date:2025-04-18T00:14:27 (date is null)at /sysop/user_0list.jsp
{Malgn.getTimeString(2)} sformat:yyyy/MM/dd HH:mm, date:2025-04-18T00:14:27 (date is null)
[2025-04-19 15:02:00] at /sysop/user_0list.jsp
{Malgn.strToDate(1)} source:2025-04-17T04:06:34 (Unparseable date: "2025-04-17T04:06:34")at /sysop/user_0list.jsp
{Malgn.strToDate(1)} source:2025-04-17T04:06:34 (Unparseable date: "2025-04-17T04:06:34")
[2025-04-19 15:02:00] at /sysop/user_0list.jsp
{Malgn.getTimeString(2)} sformat:yyyy/MM/dd HH:mm, date:2025-04-17T04:06:34 (date is null)at /sysop/user_0list.jsp
{Malgn.getTimeString(2)} sformat:yyyy/MM/dd HH:mm, date:2025-04-17T04:06:34 (date is null)
[2025-04-19 15:59:37] at /sysop/user_0list.jsp
{Malgn.strToDate(1)} source:2025-04-18T00:14:27 (Unparseable date: "2025-04-18T00:14:27")at /sysop/user_0list.jsp
{Malgn.strToDate(1)} source:2025-04-18T00:14:27 (Unparseable date: "2025-04-18T00:14:27")
[2025-04-19 15:59:37] at /sysop/user_0list.jsp
{Malgn.getTimeString(2)} sformat:yyyy/MM/dd HH:mm, date:2025-04-18T00:14:27 (date is null)at /sysop/user_0list.jsp
{Malgn.getTimeString(2)} sformat:yyyy/MM/dd HH:mm, date:2025-04-18T00:14:27 (date is null)
[2025-04-19 15:59:37] at /sysop/user_0list.jsp
{Malgn.strToDate(1)} source:2025-04-17T04:06:34 (Unparseable date: "2025-04-17T04:06:34")at /sysop/user_0list.jsp
{Malgn.strToDate(1)} source:2025-04-17T04:06:34 (Unparseable date: "2025-04-17T04:06:34")
[2025-04-19 15:59:37] at /sysop/user_0list.jsp
{Malgn.getTimeString(2)} sformat:yyyy/MM/dd HH:mm, date:2025-04-17T04:06:34 (date is null)at /sysop/user_0list.jsp
{Malgn.getTimeString(2)} sformat:yyyy/MM/dd HH:mm, date:2025-04-17T04:06:34 (date is null)
[2025-04-19 15:59:41] at /sysop/user_0list.jsp
{Malgn.strToDate(1)} source:2025-04-18T00:14:27 (Unparseable date: "2025-04-18T00:14:27")at /sysop/user_0list.jsp
{Malgn.strToDate(1)} source:2025-04-18T00:14:27 (Unparseable date: "2025-04-18T00:14:27")
[2025-04-19 15:59:41] at /sysop/user_0list.jsp
{Malgn.getTimeString(2)} sformat:yyyy/MM/dd HH:mm, date:2025-04-18T00:14:27 (date is null)at /sysop/user_0list.jsp
{Malgn.getTimeString(2)} sformat:yyyy/MM/dd HH:mm, date:2025-04-18T00:14:27 (date is null)
[2025-04-19 15:59:41] at /sysop/user_0list.jsp
{Malgn.strToDate(1)} source:2025-04-17T04:06:34 (Unparseable date: "2025-04-17T04:06:34")at /sysop/user_0list.jsp
{Malgn.strToDate(1)} source:2025-04-17T04:06:34 (Unparseable date: "2025-04-17T04:06:34")
[2025-04-19 15:59:41] at /sysop/user_0list.jsp
{Malgn.getTimeString(2)} sformat:yyyy/MM/dd HH:mm, date:2025-04-17T04:06:34 (date is null)at /sysop/user_0list.jsp
{Malgn.getTimeString(2)} sformat:yyyy/MM/dd HH:mm, date:2025-04-17T04:06:34 (date is null)
[2025-04-19 15:59:45] at /sysop/user_0list.jsp
{Malgn.strToDate(1)} source:2025-04-18T00:14:27 (Unparseable date: "2025-04-18T00:14:27")at /sysop/user_0list.jsp
{Malgn.strToDate(1)} source:2025-04-18T00:14:27 (Unparseable date: "2025-04-18T00:14:27")
[2025-04-19 15:59:45] at /sysop/user_0list.jsp
{Malgn.getTimeString(2)} sformat:yyyy/MM/dd HH:mm, date:2025-04-18T00:14:27 (date is null)at /sysop/user_0list.jsp
{Malgn.getTimeString(2)} sformat:yyyy/MM/dd HH:mm, date:2025-04-18T00:14:27 (date is null)
[2025-04-19 15:59:45] at /sysop/user_0list.jsp
{Malgn.strToDate(1)} source:2025-04-17T04:06:34 (Unparseable date: "2025-04-17T04:06:34")at /sysop/user_0list.jsp
{Malgn.strToDate(1)} source:2025-04-17T04:06:34 (Unparseable date: "2025-04-17T04:06:34")
[2025-04-19 15:59:45] at /sysop/user_0list.jsp
{Malgn.getTimeString(2)} sformat:yyyy/MM/dd HH:mm, date:2025-04-17T04:06:34 (date is null)at /sysop/user_0list.jsp
{Malgn.getTimeString(2)} sformat:yyyy/MM/dd HH:mm, date:2025-04-17T04:06:34 (date is null)
[2025-04-19 15:59:46] at /sysop/user_0list.jsp
{Malgn.strToDate(1)} source:2025-04-18T00:14:27 (Unparseable date: "2025-04-18T00:14:27")at /sysop/user_0list.jsp
{Malgn.strToDate(1)} source:2025-04-18T00:14:27 (Unparseable date: "2025-04-18T00:14:27")
[2025-04-19 15:59:46] at /sysop/user_0list.jsp
{Malgn.getTimeString(2)} sformat:yyyy/MM/dd HH:mm, date:2025-04-18T00:14:27 (date is null)at /sysop/user_0list.jsp
{Malgn.getTimeString(2)} sformat:yyyy/MM/dd HH:mm, date:2025-04-18T00:14:27 (date is null)
[2025-04-19 15:59:46] at /sysop/user_0list.jsp
{Malgn.strToDate(1)} source:2025-04-17T04:06:34 (Unparseable date: "2025-04-17T04:06:34")at /sysop/user_0list.jsp
{Malgn.strToDate(1)} source:2025-04-17T04:06:34 (Unparseable date: "2025-04-17T04:06:34")
[2025-04-19 15:59:46] at /sysop/user_0list.jsp
{Malgn.getTimeString(2)} sformat:yyyy/MM/dd HH:mm, date:2025-04-17T04:06:34 (date is null)at /sysop/user_0list.jsp
{Malgn.getTimeString(2)} sformat:yyyy/MM/dd HH:mm, date:2025-04-17T04:06:34 (date is null)
[2025-04-19 16:00:02] at /sysop/user_0list.jsp
{Malgn.strToDate(1)} source:2025-04-18T00:14:27 (Unparseable date: "2025-04-18T00:14:27")at /sysop/user_0list.jsp
{Malgn.strToDate(1)} source:2025-04-18T00:14:27 (Unparseable date: "2025-04-18T00:14:27")
[2025-04-19 16:00:02] at /sysop/user_0list.jsp
{Malgn.getTimeString(2)} sformat:yyyy/MM/dd HH:mm, date:2025-04-18T00:14:27 (date is null)at /sysop/user_0list.jsp
{Malgn.getTimeString(2)} sformat:yyyy/MM/dd HH:mm, date:2025-04-18T00:14:27 (date is null)
[2025-04-19 16:00:02] at /sysop/user_0list.jsp
{Malgn.strToDate(1)} source:2025-04-17T04:06:34 (Unparseable date: "2025-04-17T04:06:34")at /sysop/user_0list.jsp
{Malgn.strToDate(1)} source:2025-04-17T04:06:34 (Unparseable date: "2025-04-17T04:06:34")
[2025-04-19 16:00:02] at /sysop/user_0list.jsp
{Malgn.getTimeString(2)} sformat:yyyy/MM/dd HH:mm, date:2025-04-17T04:06:34 (date is null)at /sysop/user_0list.jsp
{Malgn.getTimeString(2)} sformat:yyyy/MM/dd HH:mm, date:2025-04-17T04:06:34 (date is null)
[2025-04-19 16:00:31] at /sysop/user_0list.jsp
{Malgn.strToDate(1)} source:2025-04-18T00:14:27 (Unparseable date: "2025-04-18T00:14:27")at /sysop/user_0list.jsp
{Malgn.strToDate(1)} source:2025-04-18T00:14:27 (Unparseable date: "2025-04-18T00:14:27")
[2025-04-19 16:00:31] at /sysop/user_0list.jsp
{Malgn.getTimeString(2)} sformat:yyyy/MM/dd HH:mm, date:2025-04-18T00:14:27 (date is null)at /sysop/user_0list.jsp
{Malgn.getTimeString(2)} sformat:yyyy/MM/dd HH:mm, date:2025-04-18T00:14:27 (date is null)
[2025-04-19 16:00:31] at /sysop/user_0list.jsp
{Malgn.strToDate(1)} source:2025-04-17T04:06:34 (Unparseable date: "2025-04-17T04:06:34")at /sysop/user_0list.jsp
{Malgn.strToDate(1)} source:2025-04-17T04:06:34 (Unparseable date: "2025-04-17T04:06:34")
[2025-04-19 16:00:31] at /sysop/user_0list.jsp
{Malgn.getTimeString(2)} sformat:yyyy/MM/dd HH:mm, date:2025-04-17T04:06:34 (date is null)at /sysop/user_0list.jsp
{Malgn.getTimeString(2)} sformat:yyyy/MM/dd HH:mm, date:2025-04-17T04:06:34 (date is null)
[2025-04-19 16:00:32] at /sysop/user_0list.jsp
{Malgn.strToDate(1)} source:2025-04-18T00:14:27 (Unparseable date: "2025-04-18T00:14:27")at /sysop/user_0list.jsp
{Malgn.strToDate(1)} source:2025-04-18T00:14:27 (Unparseable date: "2025-04-18T00:14:27")
[2025-04-19 16:00:32] at /sysop/user_0list.jsp
{Malgn.getTimeString(2)} sformat:yyyy/MM/dd HH:mm, date:2025-04-18T00:14:27 (date is null)at /sysop/user_0list.jsp
{Malgn.getTimeString(2)} sformat:yyyy/MM/dd HH:mm, date:2025-04-18T00:14:27 (date is null)
[2025-04-19 16:00:32] at /sysop/user_0list.jsp
{Malgn.strToDate(1)} source:2025-04-17T04:06:34 (Unparseable date: "2025-04-17T04:06:34")at /sysop/user_0list.jsp
{Malgn.strToDate(1)} source:2025-04-17T04:06:34 (Unparseable date: "2025-04-17T04:06:34")
[2025-04-19 16:00:32] at /sysop/user_0list.jsp
{Malgn.getTimeString(2)} sformat:yyyy/MM/dd HH:mm, date:2025-04-17T04:06:34 (date is null)at /sysop/user_0list.jsp
{Malgn.getTimeString(2)} sformat:yyyy/MM/dd HH:mm, date:2025-04-17T04:06:34 (date is null)
